<?xml version="1.0" encoding="UTF-8"?>
<testng-results ignored="0" total="1" passed="1" failed="0" skipped="0">
  <reporter-output>
  </reporter-output>
  <suite started-at="2023-12-29T12:44:35 IST" name="Default suite" finished-at="2023-12-29T12:44:45 IST" duration-ms="9795">
    <groups>
    </groups>
    <test started-at="2023-12-29T12:44:35 IST" name="Default test" finished-at="2023-12-29T12:44:45 IST" duration-ms="9795">
      <class name="books.TC_DWS_001_Test">
        <test-method is-config="true" signature="reportConfig()[pri:0, instance:books.TC_DWS_001_Test@55182842]" started-at="2023-12-29T12:44:35 IST" name="reportConfig" finished-at="2023-12-29T12:44:35 IST" duration-ms="392" status="PASS">
          <reporter-output>
          </reporter-output>
        </test-method> <!-- reportConfig -->
        <test-method is-config="true" signature="browserSetup()[pri:0, instance:books.TC_DWS_001_Test@55182842]" started-at="2023-12-29T12:44:35 IST" name="browserSetup" finished-at="2023-12-29T12:44:41 IST" duration-ms="5369" status="PASS">
          <reporter-output>
          </reporter-output>
        </test-method> <!-- browserSetup -->
        <test-method is-config="true" signature="login(java.lang.reflect.Method)[pri:0, instance:books.TC_DWS_001_Test@55182842]" started-at="2023-12-29T12:44:41 IST" name="login" finished-at="2023-12-29T12:44:42 IST" duration-ms="1643" status="PASS">
          <params>
            <param index="0">
              <value>
                <![CDATA[public void books.TC_DWS_001_Test.booksTest()]]>
              </value>
            </param>
          </params>
          <reporter-output>
          </reporter-output>
        </test-method> <!-- login -->
        <test-method signature="booksTest()[pri:0, instance:books.TC_DWS_001_Test@55182842]" started-at="2023-12-29T12:44:42 IST" name="booksTest" finished-at="2023-12-29T12:44:44 IST" duration-ms="1303" status="PASS">
          <reporter-output>
          </reporter-output>
        </test-method> <!-- booksTest -->
        <test-method is-config="true" signature="logout()[pri:0, instance:books.TC_DWS_001_Test@55182842]" started-at="2023-12-29T12:44:44 IST" name="logout" finished-at="2023-12-29T12:44:45 IST" duration-ms="1232" status="PASS">
          <reporter-output>
          </reporter-output>
        </test-method> <!-- logout -->
        <test-method is-config="true" signature="closeBrowser()[pri:0, instance:books.TC_DWS_001_Test@55182842]" started-at="2023-12-29T12:44:45 IST" name="closeBrowser" finished-at="2023-12-29T12:44:45 IST" duration-ms="197" status="PASS">
          <reporter-output>
          </reporter-output>
        </test-method> <!-- closeBrowser -->
        <test-method is-config="true" signature="reportBackup()[pri:0, instance:books.TC_DWS_001_Test@55182842]" started-at="2023-12-29T12:44:45 IST" name="reportBackup" finished-at="2023-12-29T12:44:46 IST" duration-ms="415" status="PASS">
          <reporter-output>
          </reporter-output>
        </test-method> <!-- reportBackup -->
      </class> <!-- books.TC_DWS_001_Test -->
    </test> <!-- Default test -->
  </suite> <!-- Default suite -->
</testng-results>
